<?xml version="1.0" encoding="UTF-8"?>
<!-- Generated by org.testng.reporters.JUnitReportReporter -->
<testsuite hostname="DESKTOP-E6P2TPN" failures="0" tests="2" name="cucumberOptions.TestNGTestRunner" time="54.867" errors="0" timestamp="2024-02-15T15:08:29 IST" skipped="0">
  <testcase classname="cucumberOptions.TestNGTestRunner" name="runScenario" time="28.287"/>
  <testcase classname="cucumberOptions.TestNGTestRunner" name="runScenario" time="26.580"/>
</testsuite> <!-- cucumberOptions.TestNGTestRunner -->
